{"/home/webreflection/code/hyperhtml-majinbuu/cjs/index.js":{"path":"/home/webreflection/code/hyperhtml-majinbuu/cjs/index.js","s":{"1":1,"2":1,"3":1,"4":3,"5":1,"6":2},"b":{"1":[1,2],"2":[3,1],"3":[3,1]},"f":{"1":3},"fnMap":{"1":{"name":"(anonymous_1)","line":8,"loc":{"start":{"line":8,"column":8},"end":{"line":18,"column":4}}}},"statementMap":{"1":{"start":{"line":4,"column":0},"end":{"line":4,"column":55}},"2":{"start":{"line":4,"column":23},"end":{"line":4,"column":32}},"3":{"start":{"line":6,"column":0},"end":{"line":54,"column":2}},"4":{"start":{"line":20,"column":4},"end":{"line":52,"column":5}},"5":{"start":{"line":28,"column":6},"end":{"line":38,"column":8}},"6":{"start":{"line":41,"column":6},"end":{"line":51,"column":8}}},"branchMap":{"1":{"line":20,"type":"if","locations":[{"start":{"line":20,"column":4},"end":{"line":20,"column":4}},{"start":{"line":20,"column":4},"end":{"line":20,"column":4}}]},"2":{"line":22,"type":"binary-expr","locations":[{"start":{"line":22,"column":10},"end":{"line":22,"column":29}},{"start":{"line":22,"column":34},"end":{"line":22,"column":35}}]},"3":{"line":23,"type":"binary-expr","locations":[{"start":{"line":23,"column":10},"end":{"line":23,"column":35}},{"start":{"line":23,"column":40},"end":{"line":23,"column":41}}]}}}}