{"/home/webreflection/code/hyperhtml-majinbuu/cjs/main.js":{"path":"/home/webreflection/code/hyperhtml-majinbuu/cjs/main.js","s":{"1":1,"2":1,"3":1,"4":1,"5":3,"6":1,"7":2,"8":1,"9":2,"10":2,"11":2,"12":2,"13":2,"14":1,"15":5,"16":5,"17":5,"18":5,"19":4,"20":5,"21":5,"22":5,"23":5,"24":5,"25":5,"26":5,"27":3,"28":3,"29":2,"30":5,"31":4},"b":{"1":[1,2],"2":[3,1],"3":[3,1],"4":[5,2],"5":[4,1],"6":[2,1],"7":[4,1]},"f":{"1":3,"2":2,"3":5},"fnMap":{"1":{"name":"(anonymous_1)","line":10,"loc":{"start":{"line":10,"column":8},"end":{"line":22,"column":4}}},"2":{"name":"Splicer","line":66,"loc":{"start":{"line":66,"column":0},"end":{"line":66,"column":61}}},"3":{"name":"(anonymous_3)","line":74,"loc":{"start":{"line":74,"column":27},"end":{"line":74,"column":49}}}},"statementMap":{"1":{"start":{"line":4,"column":0},"end":{"line":4,"column":55}},"2":{"start":{"line":4,"column":23},"end":{"line":4,"column":32}},"3":{"start":{"line":6,"column":0},"end":{"line":6,"column":27}},"4":{"start":{"line":8,"column":0},"end":{"line":64,"column":2}},"5":{"start":{"line":24,"column":4},"end":{"line":62,"column":5}},"6":{"start":{"line":32,"column":6},"end":{"line":44,"column":8}},"7":{"start":{"line":47,"column":6},"end":{"line":61,"column":8}},"8":{"start":{"line":66,"column":0},"end":{"line":72,"column":1}},"9":{"start":{"line":67,"column":2},"end":{"line":67,"column":21}},"10":{"start":{"line":68,"column":2},"end":{"line":68,"column":31}},"11":{"start":{"line":69,"column":2},"end":{"line":69,"column":19}},"12":{"start":{"line":70,"column":2},"end":{"line":70,"column":31}},"13":{"start":{"line":71,"column":2},"end":{"line":71,"column":21}},"14":{"start":{"line":74,"column":0},"end":{"line":96,"column":2}},"15":{"start":{"line":75,"column":2},"end":{"line":75,"column":37}},"16":{"start":{"line":76,"column":2},"end":{"line":76,"column":49}},"17":{"start":{"line":77,"column":2},"end":{"line":77,"column":34}},"18":{"start":{"line":78,"column":2},"end":{"line":80,"column":3}},"19":{"start":{"line":79,"column":4},"end":{"line":79,"column":31}},"20":{"start":{"line":81,"column":2},"end":{"line":81,"column":29}},"21":{"start":{"line":82,"column":2},"end":{"line":82,"column":29}},"22":{"start":{"line":83,"column":2},"end":{"line":83,"column":40}},"23":{"start":{"line":84,"column":2},"end":{"line":84,"column":68}},"24":{"start":{"line":85,"column":2},"end":{"line":85,"column":43}},"25":{"start":{"line":86,"column":2},"end":{"line":86,"column":33}},"26":{"start":{"line":87,"column":2},"end":{"line":92,"column":3}},"27":{"start":{"line":88,"column":4},"end":{"line":88,"column":26}},"28":{"start":{"line":89,"column":4},"end":{"line":91,"column":5}},"29":{"start":{"line":90,"column":6},"end":{"line":90,"column":35}},"30":{"start":{"line":93,"column":2},"end":{"line":95,"column":3}},"31":{"start":{"line":94,"column":4},"end":{"line":94,"column":58}}},"branchMap":{"1":{"line":24,"type":"if","locations":[{"start":{"line":24,"column":4},"end":{"line":24,"column":4}},{"start":{"line":24,"column":4},"end":{"line":24,"column":4}}]},"2":{"line":26,"type":"binary-expr","locations":[{"start":{"line":26,"column":10},"end":{"line":26,"column":29}},{"start":{"line":26,"column":34},"end":{"line":26,"column":35}}]},"3":{"line":27,"type":"binary-expr","locations":[{"start":{"line":27,"column":10},"end":{"line":27,"column":35}},{"start":{"line":27,"column":40},"end":{"line":27,"column":41}}]},"4":{"line":76,"type":"binary-expr","locations":[{"start":{"line":76,"column":39},"end":{"line":76,"column":42}},{"start":{"line":76,"column":46},"end":{"line":76,"column":47}}]},"5":{"line":84,"type":"cond-expr","locations":[{"start":{"line":84,"column":37},"end":{"line":84,"column":55}},{"start":{"line":84,"column":58},"end":{"line":84,"column":67}}]},"6":{"line":89,"type":"if","locations":[{"start":{"line":89,"column":4},"end":{"line":89,"column":4}},{"start":{"line":89,"column":4},"end":{"line":89,"column":4}}]},"7":{"line":93,"type":"if","locations":[{"start":{"line":93,"column":2},"end":{"line":93,"column":2}},{"start":{"line":93,"column":2},"end":{"line":93,"column":2}}]}}}}