TN:
SF:/home/webreflection/code/hyperhtml-majinbuu/cjs/main.js
FN:10,(anonymous_1)
FN:66,Splicer
FN:74,(anonymous_3)
FNF:3
FNH:3
FNDA:3,(anonymous_1)
FNDA:2,Splicer
FNDA:5,(anonymous_3)
DA:4,1
DA:6,1
DA:8,1
DA:24,3
DA:32,1
DA:47,2
DA:66,1
DA:67,2
DA:68,2
DA:69,2
DA:70,2
DA:71,2
DA:74,1
DA:75,5
DA:76,5
DA:77,5
DA:78,5
DA:79,4
DA:81,5
DA:82,5
DA:83,5
DA:84,5
DA:85,5
DA:86,5
DA:87,5
DA:88,3
DA:89,3
DA:90,2
DA:93,5
DA:94,4
LF:30
LH:30
BRDA:24,1,0,1
BRDA:24,1,1,2
BRDA:26,2,0,3
BRDA:26,2,1,1
BRDA:27,3,0,3
BRDA:27,3,1,1
BRDA:76,4,0,5
BRDA:76,4,1,2
BRDA:84,5,0,4
BRDA:84,5,1,1
BRDA:89,6,0,2
BRDA:89,6,1,1
BRDA:93,7,0,4
BRDA:93,7,1,1
BRF:14
BRH:14
end_of_record
